\BOOKMARK [0][-]{section*.4}{\376\377\006\101\006\107\006\061\006\063\006\052\000\040\006\052\006\065\006\047\006\110\006\314\006\061}{}% 1
\BOOKMARK [0][-]{section*.5}{\376\377\006\101\006\107\006\061\006\063\006\052\000\040\006\054\006\057\006\047\006\110\006\104}{}% 2
\BOOKMARK [0][-]{chapter.1}{\376\377\006\071\006\104\006\105\000\040\006\105\006\056\006\047\006\050\006\061\006\047\006\052}{}% 3
\BOOKMARK [1][-]{section.1.1}{\376\377\006\105\006\102\006\057\006\105\006\107\040\014\006\047\006\314\000\040\006\050\006\061\000\040\006\071\006\104\006\105\000\040\006\105\006\056\006\047\006\050\006\061\006\047\006\052}{chapter.1}% 4
\BOOKMARK [2][-]{subsection.1.1.1}{\376\377\000\040\006\047\006\065\006\110\006\104\000\040\006\047\006\063\006\047\006\063\006\314\000\040\006\105\006\056\006\047\006\050\006\061\006\047\006\052\000\040}{section.1.1}% 5
\BOOKMARK [1][-]{section.1.2}{\376\377\006\251\006\047\006\061\006\050\006\061\006\057\006\107\006\047\000\040\006\110\000\040\006\257\006\063\006\052\006\061\006\107\000\040\006\071\006\104\006\105\000\040\006\105\006\056\006\047\006\050\006\061\006\047\006\052}{chapter.1}% 6
\BOOKMARK [2][-]{subsection.1.2.1}{\376\377\006\251\006\047\006\061\006\050\006\061\006\057\006\107\006\047\006\314\000\040\006\047\006\065\006\104\006\314\000\040\006\105\006\056\006\047\006\050\006\061\006\047\006\052}{section.1.2}% 7
\BOOKMARK [2][-]{subsection.1.2.2}{\376\377\006\257\006\063\006\052\006\061\006\107\000\040\006\071\006\104\006\105\000\040\006\105\006\056\006\047\006\050\006\061\006\047\006\052}{section.1.2}% 8
\BOOKMARK [1][-]{section.1.3}{\376\377\006\042\006\072\006\047\006\062\000\040\006\110\000\040\006\176\006\314\006\064\006\314\006\106\006\107\000\040\006\052\006\047\006\061\006\314\006\056\006\314\000\040\006\071\006\104\006\105\000\040\006\105\006\056\006\047\006\050\006\061\006\047\006\052}{chapter.1}% 9
\BOOKMARK [2][-]{subsection.1.3.1}{\376\377\006\063\006\047\006\062\006\110\006\251\006\047\006\061\006\107\006\047\006\314\000\040\006\047\006\110\006\104\006\314\006\107}{section.1.3}% 10
\BOOKMARK [2][-]{subsection.1.3.2}{\376\377\006\047\006\063\006\052\006\101\006\047\006\057\006\107\000\040\006\047\006\062\000\040\006\055\006\314\006\110\006\047\006\106\006\047\006\052\000\040\006\110\000\040\006\047\006\101\006\061\006\047\006\057}{section.1.3}% 11
\BOOKMARK [2][-]{subsection.1.3.3}{\376\377\006\047\006\056\006\052\006\061\006\047\006\071\000\040\006\061\006\047\006\057\006\314\006\110}{section.1.3}% 12
\BOOKMARK [1][-]{section.1.4}{\376\377\006\052\006\251\006\106\006\110\006\104\006\110\006\230\006\314\000\040\006\105\006\056\006\047\006\050\006\061\006\047\006\052\000\040\006\057\006\061\000\040\006\102\006\061\006\106\000\040\006\050\006\314\006\063\006\052\000\040\006\110\000\040\006\314\006\251\006\105}{chapter.1}% 13
\BOOKMARK [2][-]{subsection.1.4.1}{\376\377\006\047\006\106\006\102\006\104\006\047\006\050\000\040\006\057\006\314\006\054\006\314\006\052\006\047\006\104\006\314\000\040\006\110\000\040\006\047\006\314\006\106\006\052\006\061\006\106\006\052}{section.1.4}% 14
\BOOKMARK [2][-]{subsection.1.4.2}{\376\377\006\064\006\050\006\251\006\107\040\014\006\107\006\047\006\314\000\040\006\047\006\054\006\052\006\105\006\047\006\071\006\314\000\040\006\110\000\040\006\047\006\061\006\052\006\050\006\047\006\067\006\047\006\052\000\040\006\047\006\054\006\052\006\105\006\047\006\071\006\314\000\040\006\042\006\106\006\104\006\047\006\314\006\106}{section.1.4}% 15
\BOOKMARK [2][-]{subsection.1.4.3}{\376\377\006\105\006\056\006\047\006\050\006\061\006\047\006\052\000\040\0005\000G\000\040\006\110\000\040\006\176\006\314\006\064\006\061\006\101\006\052\040\014\006\107\006\047\006\314\000\040\006\042\006\314\006\106\006\057\006\107}{section.1.4}% 16
\BOOKMARK [1][-]{section.1.5}{\376\377\000\040\006\105\006\056\006\047\006\050\006\061\006\047\006\052\000\040\006\063\006\314\006\047\006\061\000\040\006\314\006\047\000\040\006\105\006\056\006\047\006\050\006\061\006\047\006\052\000\040\006\050\006\314\006\063\006\314\006\105\000\040}{chapter.1}% 17
\BOOKMARK [2][-]{subsection.1.5.1}{\376\377\000\040\006\052\006\071\006\061\006\314\006\101\000\040}{section.1.5}% 18
\BOOKMARK [2][-]{subsection.1.5.2}{\376\377\006\052\006\047\006\061\006\314\006\056\006\206\006\107\000\040\006\105\006\056\006\047\006\050\006\061\006\047\006\052\000\040\006\050\006\314\006\063\006\314\006\105}{section.1.5}% 19
\BOOKMARK [2][-]{subsection.1.5.3}{\376\377\006\047\006\106\006\110\006\047\006\071\000\040\006\105\006\056\006\047\006\050\006\061\006\047\006\052\000\040\006\050\006\314\006\063\006\314\006\105}{section.1.5}% 20
\BOOKMARK [2][-]{subsection.1.5.4}{\376\377\006\251\006\047\006\061\006\050\006\061\006\057\006\107\006\047\006\314\000\040\006\105\006\056\006\047\006\050\006\061\006\047\006\052\000\040\006\050\006\314\006\063\006\314\006\105}{section.1.5}% 21
\BOOKMARK [1][-]{section.1.6}{\376\377\000\040\006\105\006\056\006\047\006\050\006\061\006\047\006\052\000\040\006\063\006\104\006\110\006\104\006\314\000\040}{chapter.1}% 22
\BOOKMARK [2][-]{subsection.1.6.1}{\376\377\006\052\006\071\006\061\006\314\006\101}{section.1.6}% 23
\BOOKMARK [2][-]{subsection.1.6.2}{\376\377\006\052\006\102\006\063\006\314\006\105\006\047\006\052\000\040\006\064\006\050\006\251\006\107\040\014\006\107\006\047\006\314\000\040\006\063\006\104\006\110\006\104\006\314}{section.1.6}% 24
\BOOKMARK [2][-]{subsection.1.6.3}{\376\377\006\052\006\251\006\106\006\110\006\104\006\110\006\230\006\314\040\014\006\107\006\047\006\314\000\040\006\106\006\063\006\104\040\014\006\107\006\047\006\314\000\040\006\105\006\056\006\052\006\104\006\101\000\040\006\052\006\104\006\101\006\106\000\040\006\107\006\105\006\061\006\047\006\107}{section.1.6}% 25
\BOOKMARK [2][-]{subsection.1.6.4}{\376\377\006\052\006\072\006\314\006\314\006\061\006\047\006\052\000\040\006\047\006\054\006\052\006\105\006\047\006\071\006\314\000\040\006\110\000\040\006\047\006\102\006\052\006\065\006\047\006\057\006\314\000\040\006\047\006\062\000\040\006\067\006\061\006\314\006\102\000\040\006\105\006\056\006\047\006\050\006\061\006\047\006\052\000\040\006\063\006\104\006\110\006\104\006\314}{section.1.6}% 26
\BOOKMARK [1][-]{section.1.7}{\376\377\006\047\006\106\006\110\006\047\006\071\000\040\006\101\006\061\006\063\006\052\006\106\006\057\006\107\000-\006\257\006\314\006\061\006\106\006\057\006\107\000\040\006\047\006\062\000\040\006\106\006\070\006\061\000\040\006\052\006\071\006\057\006\047\006\057\000\040\006\042\006\106\006\052\006\106}{chapter.1}% 27
\BOOKMARK [2][-]{subsection.1.7.1}{\376\377\000\040\006\047\006\061\006\052\006\050\006\047\006\067\000\040\000S\000I\000S\000O\000\040\000:\000\040\006\052\006\251\000\040\006\110\006\061\006\110\006\057\006\314\000\040\000-\000\040\006\052\006\251\000\040\006\056\006\061\006\110\006\054\006\314\000\040}{section.1.7}% 28
\BOOKMARK [2][-]{subsection.1.7.2}{\376\377\000\040\006\047\006\061\006\052\006\050\006\047\006\067\000\040\000M\000I\000S\000O\000\040\000:\000\040\006\206\006\106\006\057\000\040\006\110\006\061\006\110\006\057\006\314\000\040\000-\000\040\006\052\006\251\000\040\006\056\006\061\006\110\006\054\006\314\000\040}{section.1.7}% 29
\BOOKMARK [2][-]{subsection.1.7.3}{\376\377\000\040\006\047\006\061\006\052\006\050\006\047\006\067\000\040\000S\000I\000M\000O\000\040\000:\000\040\006\052\006\251\000\040\006\110\006\061\006\110\006\057\006\314\000\040\000-\000\040\006\206\006\106\006\057\000\040\006\056\006\061\006\110\006\054\006\314\000\040}{section.1.7}% 30
\BOOKMARK [2][-]{subsection.1.7.4}{\376\377\000\040\006\047\006\061\006\052\006\050\006\047\006\067\000\040\000M\000I\000M\000O\000\040\000:\000\040\006\206\006\106\006\057\000\040\006\110\006\061\006\110\006\057\006\314\000\040\000-\000\040\006\206\006\106\006\057\000\040\006\056\006\061\006\110\006\054\006\314\000\040}{section.1.7}% 31
\BOOKMARK [1][-]{section.1.8}{\376\377\000\040\006\063\006\067\006\110\006\055\000\040\006\050\006\047\006\062\006\052\006\047\006\050\000\040\006\057\006\107\006\106\006\057\006\107\000\040\006\107\006\110\006\064\006\105\006\106\006\057\000\040\000\050\000I\000R\000S\000\051\000\040}{chapter.1}% 32
\BOOKMARK [2][-]{subsection.1.8.1}{\376\377\000\040\006\105\006\101\006\107\006\110\006\105\000\040\006\251\006\104\006\314\000\040}{section.1.8}% 33
\BOOKMARK [2][-]{subsection.1.8.2}{\376\377\000\040\006\047\006\065\006\110\006\104\000\040\006\251\006\047\006\061\000\040}{section.1.8}% 34
\BOOKMARK [2][-]{subsection.1.8.3}{\376\377\006\251\006\047\006\061\006\050\006\061\006\057\006\107\006\047\006\314\000\040\006\063\006\067\006\110\006\055\000\040\006\107\006\110\006\064\006\105\006\106\006\057}{section.1.8}% 35
\BOOKMARK [2][-]{subsection.1.8.4}{\376\377\006\206\006\047\006\104\006\064\040\014\006\107\006\047\000\040\006\110\000\040\006\206\006\064\006\105\040\014\006\047\006\106\006\057\006\047\006\062\006\107\006\047\006\314\000\040\006\042\006\314\006\106\006\057\006\107}{section.1.8}% 36
\BOOKMARK [2][-]{subsection.1.8.5}{\376\377\006\106\006\052\006\314\006\054\006\107\040\014\006\257\006\314\006\061\006\314}{section.1.8}% 37
\BOOKMARK [0][-]{chapter.2}{\376\377\006\071\006\104\006\105\000\040\006\050\006\107\006\314\006\106\006\107\040\014\006\063\006\047\006\062\006\314\000\040\006\251\006\104\006\047\006\063\006\314\006\251}{}% 38
\BOOKMARK [1][-]{section.2.1}{\376\377\000\040\006\105\006\102\006\057\006\105\006\107\040\014\006\047\006\314\000\040\006\050\006\061\000\040\006\050\006\107\006\314\006\106\006\107\000\040\006\063\006\047\006\062\006\314\000\040\006\251\006\104\006\047\006\063\006\314\006\251\000\040}{chapter.2}% 39
\BOOKMARK [2][-]{subsection.2.1.1}{\376\377\006\105\006\101\006\107\006\110\006\105\000\040\006\050\006\107\006\314\006\106\006\107\040\014\006\063\006\047\006\062\006\314\000\040\006\251\006\104\006\047\006\063\006\314\006\251}{section.2.1}% 40
\BOOKMARK [2][-]{subsection.2.1.2}{\376\377\006\251\006\047\006\061\006\050\006\061\006\057\006\107\006\047\006\314\000\040\006\050\006\107\006\314\006\106\006\107\040\014\006\063\006\047\006\062\006\314\000\040\006\251\006\104\006\047\006\063\006\314\006\251}{section.2.1}% 41
\BOOKMARK [2][-]{subsection.2.1.3}{\376\377\006\061\006\110\006\064\040\014\006\107\006\047\006\314\000\040\006\050\006\107\006\314\006\106\006\107\040\014\006\063\006\047\006\062\006\314}{section.2.1}% 42
\BOOKMARK [1][-]{section.2.2}{\376\377\006\052\006\047\006\061\006\314\006\056\006\206\006\107\000\040\006\050\006\107\006\314\006\106\006\107\040\014\006\063\006\047\006\062\006\314}{chapter.2}% 43
\BOOKMARK [2][-]{subsection.2.2.1}{\376\377\006\102\006\057\006\105\006\052\000\040\006\052\006\047\006\061\006\314\006\056\006\314\000\040\006\050\006\107\006\314\006\106\006\107\040\014\006\063\006\047\006\062\006\314}{section.2.2}% 44
\BOOKMARK [2][-]{subsection.2.2.2}{\376\377\006\052\006\047\000\040\006\061\006\063\006\314\006\057\006\106\000\040\006\050\006\107\000\040\006\102\006\061\006\106\000\040\0001\0007\000\040\006\110\000\040\0001\0008}{section.2.2}% 45
\BOOKMARK [2][-]{subsection.2.2.3}{\376\377\006\102\006\061\006\106\000\040\0001\0009\000\040\006\110\000\040\006\176\006\314\006\057\006\047\006\314\006\064\000\040\006\050\006\107\006\314\006\106\006\107\040\014\006\063\006\047\006\062\006\314\000\040\006\061\006\314\006\047\006\066\006\314}{section.2.2}% 46
\BOOKMARK [2][-]{subsection.2.2.4}{\376\377\006\102\006\061\006\106\000\040\0002\0000\000\040\006\110\000\040\006\176\006\314\006\064\006\061\006\101\006\052\000\040\006\050\006\107\006\314\006\106\006\107\040\014\006\063\006\047\006\062\006\314}{section.2.2}% 47
\BOOKMARK [2][-]{subsection.2.2.5}{\376\377\006\052\006\047\000\040\006\050\006\107\000\040\006\047\006\105\006\061\006\110\006\062}{section.2.2}% 48
\BOOKMARK [2][-]{subsection.2.2.6}{\376\377\006\106\006\052\006\314\006\054\006\107\040\014\006\257\006\314\006\061\006\314}{section.2.2}% 49
\BOOKMARK [1][-]{section.2.3}{\376\377\006\057\006\063\006\052\006\107\040\014\006\050\006\106\006\057\006\314\000\040\006\047\006\106\006\110\006\047\006\071\000\040\006\047\006\104\006\257\006\110\006\061\006\314\006\052\006\105\000\040\006\110\000\040\006\105\006\063\006\047\006\046\006\104\000\040\006\050\006\107\006\314\006\106\006\107\000\040\006\063\006\047\006\062\006\314}{chapter.2}% 50
\BOOKMARK [2][-]{subsection.2.3.1}{\376\377\000\040\006\057\006\063\006\052\006\107\040\014\006\050\006\106\006\057\006\314\000\040\006\047\006\106\006\110\006\047\006\071\000\040\006\052\006\110\006\047\006\050\006\071\000\040\006\107\006\057\006\101\000\040}{section.2.3}% 51
\BOOKMARK [2][-]{subsection.2.3.2}{\376\377\006\105\006\063\006\047\006\046\006\104\000\040\006\050\006\107\006\314\006\106\006\107\040\014\006\063\006\047\006\062\006\314\000\040\006\105\006\071\006\061\006\110\006\101}{section.2.3}% 52
\BOOKMARK [1][-]{section.2.4}{\376\377\006\052\006\101\006\047\006\110\006\052\000\040\006\050\006\107\006\314\006\106\006\107\040\014\006\063\006\047\006\062\006\314\000\040\006\251\006\104\006\047\006\063\006\314\006\251\000\040\006\110\000\040\006\105\006\057\006\061\006\106\000\040\006\110\000\040\006\105\006\062\006\314\006\052\040\014\006\107\006\047\006\314\000\040\006\107\006\061\000\040\006\251\006\057\006\047\006\105}{chapter.2}% 53
\BOOKMARK [2][-]{subsection.2.4.1}{\376\377\006\047\006\104\006\257\006\110\006\061\006\314\006\052\006\105\040\014\006\107\006\047\000\040\006\110\000\040\006\061\006\110\006\064\040\014\006\107\006\047\000:}{section.2.4}% 54
\BOOKMARK [2][-]{subsection.2.4.2}{\376\377\000\040\006\251\006\047\006\061\006\050\006\061\006\057\006\107\006\047\000\040\006\110\000\040\006\176\006\314\006\206\006\314\006\057\006\257\006\314\000\040\006\105\006\063\006\047\006\046\006\104\000:}{section.2.4}% 55
\BOOKMARK [2][-]{subsection.2.4.3}{\376\377\000\040\006\102\006\057\006\061\006\052\000\040\006\055\006\104\000\040\006\110\000\040\006\251\006\314\006\101\006\314\006\052\000\040\006\061\006\047\006\107\040\014\006\055\006\104\000:\000\040}{section.2.4}% 56
\BOOKMARK [2][-]{subsection.2.4.4}{\376\377\000\040\006\105\006\314\006\062\006\047\006\106\000\040\006\176\006\314\006\064\006\061\006\101\006\052\000\040}{section.2.4}% 57
\BOOKMARK [1][-]{section.2.5}{\376\377\006\050\006\107\006\314\006\106\006\107\040\014\006\063\006\047\006\062\006\314\000\040\006\251\006\104\006\047\006\063\006\314\006\251\000\040\006\057\006\061\000\040\006\071\006\104\006\105\000\040\006\105\006\056\006\047\006\050\006\061\006\047\006\052}{chapter.2}% 58
\BOOKMARK [0][-]{chapter.3}{\376\377\006\251\006\047\006\061\006\107\006\047\006\314\000\040\006\176\006\314\006\064\006\314\006\106\000\040\006\110\000\040\006\063\006\106\006\047\006\061\006\314\006\110\006\314\000\040\006\105\006\063\006\046\006\104\006\107}{}% 59
\BOOKMARK [1][-]{section.3.1}{\376\377\000\040\006\047\006\106\006\110\006\047\006\071\000\040\006\105\006\063\006\047\006\046\006\104\000\040\006\105\006\067\006\061\006\055\040\014\006\064\006\057\006\107\000\040\006\057\006\061\000\040\006\062\006\105\006\314\006\106\006\107\000\040\006\063\006\067\006\110\006\055\000\040\006\050\006\047\006\062\006\052\006\047\006\050\040\014\006\251\006\106\006\106\006\057\006\107\000\040\006\107\006\110\006\064\006\105\006\106\006\057\000\040}{chapter.3}% 60
\BOOKMARK [2][-]{subsection.3.1.1}{\376\377\006\105\006\063\006\047\006\046\006\104\000\040\006\105\006\314\006\057\006\047\006\106\006\314\000:}{section.3.1}% 61
\BOOKMARK [2][-]{subsection.3.1.2}{\376\377\006\105\006\063\006\047\006\046\006\104\000\040\006\063\006\314\006\063\006\052\006\105\006\314\000:}{section.3.1}% 62
\BOOKMARK [1][-]{section.3.2}{\376\377\006\105\006\063\006\047\006\046\006\104\000\040\006\105\006\061\006\052\006\050\006\067\000\040\006\050\006\047\000\040\006\063\006\106\006\047\006\061\006\314\006\110\000\040\006\176\006\061\006\110\006\230\006\107}{chapter.3}% 63
\BOOKMARK [1][-]{section.3.3}{\376\377\006\063\006\106\006\047\006\061\006\314\006\110\006\314\000\040\006\176\006\061\006\110\006\230\006\107}{chapter.3}% 64
\BOOKMARK [2][-]{subsection.3.3.1}{\376\377\006\063\006\106\006\047\006\061\006\314\006\110\000\040\006\047\006\110\006\104\000:\000\040\006\050\006\057\006\110\006\106\000\040\006\105\006\047\006\106\006\071}{section.3.3}% 65
\BOOKMARK [2][-]{subsection.3.3.2}{\376\377\006\063\006\106\006\047\006\061\006\314\006\110\000\040\006\057\006\110\006\105\000:\000\040\006\050\006\047\000\040\006\105\006\047\006\106\006\071}{section.3.3}% 66
\BOOKMARK [1][-]{section.3.4}{\376\377\006\106\006\110\006\042\006\110\006\061\006\314\000\040\006\105\006\047}{chapter.3}% 67
\BOOKMARK [0][-]{chapter.4}{\376\377\006\047\006\104\006\257\006\110\006\061\006\314\006\052\006\105\000\040\006\050\006\107\006\314\006\106\006\107\040\014\006\063\006\047\006\062\006\314}{}% 68
\BOOKMARK [1][-]{section.4.1}{\376\377\000\040\006\105\006\057\006\104\000\040\006\063\006\314\006\063\006\052\006\105\000\040\006\110\000\040\006\105\006\057\006\104\000\040\006\251\006\047\006\106\006\047\006\104\000\040\006\110\000\040\006\105\006\063\006\046\006\104\006\107\000\040\006\050\006\107\006\314\006\106\006\107\040\014\006\063\006\047\006\062\006\314\000\040}{chapter.4}% 69
\BOOKMARK [2][-]{subsection.4.1.1}{\376\377\006\105\006\057\006\104\000\040\006\063\006\314\006\063\006\052\006\105}{section.4.1}% 70
\BOOKMARK [2][-]{subsection.4.1.2}{\376\377\006\105\006\057\006\104\000\040\006\251\006\047\006\106\006\047\006\104}{section.4.1}% 71
\BOOKMARK [2][-]{subsection.4.1.3}{\376\377\006\105\006\063\006\046\006\104\006\107\000\040\006\050\006\107\006\314\006\106\006\107\040\014\006\063\006\047\006\062\006\314}{section.4.1}% 72
\BOOKMARK [1][-]{section.4.2}{\376\377\006\047\006\104\006\257\006\110\006\061\006\314\006\052\006\105\000\040\006\050\006\107\006\314\006\106\006\107\040\014\006\063\006\047\006\062\006\314\000\040\006\105\006\052\006\106\006\047\006\110\006\050}{chapter.4}% 73
\BOOKMARK [2][-]{subsection.4.2.1}{\376\377\006\052\006\071\006\061\006\314\006\101}{section.4.2}% 74
\BOOKMARK [2][-]{subsection.4.2.2}{\376\377\006\047\006\063\006\052\006\101\006\047\006\057\006\107}{section.4.2}% 75
\BOOKMARK [1][-]{section.4.3}{\376\377\006\052\006\050\006\057\006\314\006\104\000\040\006\057\006\110\006\257\006\047\006\106\000\040\006\104\006\047\006\257\006\061\006\047\006\106\006\230\006\314}{chapter.4}% 76
\BOOKMARK [2][-]{subsection.4.3.1}{\376\377\006\052\006\071\006\061\006\314\006\101}{section.4.3}% 77
\BOOKMARK [2][-]{subsection.4.3.2}{\376\377\006\063\006\047\006\057\006\107\040\014\006\063\006\047\006\062\006\314\000\040\006\105\006\063\006\046\006\104\006\107}{section.4.3}% 78
\BOOKMARK [1][-]{section.4.4}{\376\377\006\050\006\061\006\106\006\047\006\105\006\107\040\014\006\061\006\314\006\062\006\314\000\040\006\206\006\106\006\057\000\040\006\251\006\063\006\061\006\314}{chapter.4}% 79
\BOOKMARK [2][-]{subsection.4.4.1}{\376\377\006\052\006\071\006\061\006\314\006\101}{section.4.4}% 80
\BOOKMARK [2][-]{subsection.4.4.2}{\376\377\006\063\006\047\006\057\006\107\040\014\006\063\006\047\006\062\006\314\000\040\006\105\006\063\006\046\006\104\006\107}{section.4.4}% 81
\BOOKMARK [1][-]{section.4.5}{\376\377\006\050\006\107\006\314\006\106\006\107\040\014\006\063\006\047\006\062\006\314\000\040\006\066\006\061\006\047\006\314\006\050\000\040\006\042\006\106\006\052\006\106}{chapter.4}% 82
\BOOKMARK [2][-]{subsection.4.5.1}{\376\377\006\105\006\102\006\057\006\047\006\061\000\040\006\050\006\052\006\047\000\040\006\050\006\107\006\314\006\106\006\107}{section.4.5}% 83
\BOOKMARK [2][-]{subsection.4.5.2}{\376\377\006\105\006\102\006\057\006\047\006\061\000\040\006\050\006\107\006\314\006\106\006\107\000\040\006\050\006\061\006\057\006\047\006\061\000\040\006\042\006\106\006\052\006\106}{section.4.5}% 84
\BOOKMARK [2][-]{subsection.4.5.3}{\376\377\006\061\006\110\006\064\000\040\006\054\006\063\006\052\006\054\006\110\006\314\000\040\006\057\006\110\006\050\006\056\006\064\006\314}{section.4.5}% 85
\BOOKMARK [2][-]{subsection.4.5.4}{\376\377\006\055\006\057\000\040\006\050\006\047\006\104\006\047\006\314\000\040\006\104\006\047\006\105\006\050\006\057\006\047}{section.4.5}% 86
\BOOKMARK [1][-]{section.4.6}{\376\377\006\050\006\107\006\314\006\106\006\107\040\014\006\063\006\047\006\062\006\314\000\040\006\066\006\061\006\047\006\314\006\050\000\040\006\101\006\047\006\062\000\040\006\063\006\067\006\110\006\055\000\040\006\107\006\110\006\064\006\105\006\106\006\057}{chapter.4}% 87
\BOOKMARK [2][-]{subsection.4.6.1}{\376\377\006\105\006\102\006\057\006\047\006\061\000\040\006\047\006\176\006\063\006\314\006\104\006\110\006\106\000\040\006\050\006\107\006\314\006\106\006\107}{section.4.6}% 88
\BOOKMARK [2][-]{subsection.4.6.2}{\376\377\006\061\006\110\006\064\000\040\006\257\006\061\006\047\006\057\006\314\006\047\006\106\000\040\006\106\006\062\006\110\006\104\006\314}{section.4.6}% 89
\BOOKMARK [2][-]{subsection.4.6.3}{\376\377\006\066\006\061\006\047\006\314\006\050\000\040\006\050\006\107\006\314\006\106\006\107\000\040\006\063\006\067\006\110\006\055\000\040\006\107\006\110\006\064\006\105\006\106\006\057\000\040\006\314\006\251\000\040\006\110\000\040\006\057\006\110}{section.4.6}% 90
\BOOKMARK [2][-]{subsection.4.6.4}{\376\377\006\063\006\107\000\040\006\106\006\047\006\055\006\314\006\107\000\040\006\047\006\065\006\104\006\314\000\040\006\050\006\107\006\314\006\106\006\107\040\014\006\063\006\047\006\062\006\314\000\040\006\066\006\061\006\047\006\314\006\050\000\040\006\101\006\047\006\062}{section.4.6}% 91
\BOOKMARK [0][-]{chapter.5}{\376\377\006\106\006\052\006\047\006\314\006\054\000\040\006\110\000\040\006\176\006\314\006\064\006\106\006\107\006\047\006\057\006\047\006\052}{}% 92
\BOOKMARK [1][-]{section.5.1}{\376\377\006\106\006\052\006\047\006\314\006\054}{chapter.5}% 93
\BOOKMARK [2][-]{subsection.5.1.1}{\376\377\006\106\006\052\006\047\006\314\006\054\000\040\006\110\000\040\006\052\006\055\006\104\006\314\006\104\000\040\006\106\006\052\006\047\006\314\006\054\000\040\006\050\006\107\006\314\006\106\006\107\040\014\006\063\006\047\006\062\006\314\000\040\006\050\006\057\006\110\006\106\000\040\006\105\006\047\006\106\006\071}{section.5.1}% 94
\BOOKMARK [2][-]{subsection.5.1.2}{\376\377\006\106\006\052\006\047\006\314\006\054\000\040\006\110\000\040\006\052\006\055\006\104\006\314\006\104\000\040\006\106\006\052\006\047\006\314\006\054\000\040\006\050\006\107\006\314\006\106\006\107\040\014\006\063\006\047\006\062\006\314\000\040\006\050\006\047\000\040\006\105\006\047\006\106\006\071}{section.5.1}% 95
\BOOKMARK [1][-]{section.5.2}{\376\377\006\176\006\314\006\064\006\106\006\107\006\047\006\057\006\047\006\052}{chapter.5}% 96
\BOOKMARK [2][-]{subsection.5.2.1}{\376\377\006\050\006\047\006\062\006\052\006\047\006\050\000\040\006\105\006\061\006\052\006\050\006\107\000\040\0003}{section.5.2}% 97
\BOOKMARK [2][-]{subsection.5.2.2}{\376\377\006\063\006\047\006\056\006\052\000\040\006\101\006\061\006\314\006\105\040\014\006\110\006\061\006\251\000\040\006\050\006\061\006\047\006\314\000\040\006\050\006\107\006\314\006\106\006\107\040\014\006\063\006\047\006\062\006\314\000\040\006\063\006\067\006\110\006\055\000\040\006\107\006\110\006\064\006\105\006\106\006\057}{section.5.2}% 98
\BOOKMARK [0][-]{appendix*.8}{\376\377\006\176\006\314\006\110\006\063\006\052}{}% 99
\BOOKMARK [0][-]{appendix*.9}{\376\377\006\110\006\047\006\230\006\107\040\014\006\106\006\047\006\105\006\107\040\014\006\314\000\040\006\101\006\047\006\061\006\063\006\314\000\040\006\050\006\107\000\040\006\047\006\106\006\257\006\104\006\314\006\063\006\314}{}% 100
\BOOKMARK [0][-]{appendix*.10}{\376\377\006\110\006\047\006\230\006\107\040\014\006\106\006\047\006\105\006\107\040\014\006\314\000\040\006\047\006\106\006\257\006\104\006\314\006\063\006\314\000\040\006\050\006\107\000\040\006\101\006\047\006\061\006\063\006\314}{}% 101
