This is XeTeX, Version 3.141592653-2.6-0.999994 (MiKTeX 22.10) (preloaded format=xelatex 2022.11.17)  26 AUG 2023 12:53
entering extended mode
 restricted \write18 enabled.
 %&-line parsing enabled.
**./chapter10.tex
(chapter10.tex
LaTeX2e <2022-06-01> patch level 5
L3 programming layer <2022-09-28>)
! Emergency stop.
<*> ./chapter10.tex
                   
*** (job aborted, no legal \end found)

 
Here is how much of TeX's memory you used:
 16 strings out of 410532
 314 string characters out of 2813704
 333168 words of memory out of 3000000
 21283 multiletter control sequences out of 15000+600000
 469259 words of font info for 28 fonts, out of 8000000 for 9000
 1348 hyphenation exceptions out of 8191
 12i,0n,12p,47b,10s stack positions out of 10000i,1000n,20000p,200000b,80000s
No pages of output.
